[38;5;0m[HTTP][0m [37m-->[39m [37mPOST[39m [37m/session[39m
[38;5;0m[HTTP][0m [90m{"capabilities":{"alwaysMatch":{"platformName":"Android","appium:deviceName":"Alif's A33","appium:platformVersion":"13.0","appium:automationName":"UiAutomator2","appium:app":"/Users/aliffaddly/Documents/sanberCode QA 45/WebdriverIO-Mobile/test/apk/Diet_meal.apk","appium:appPackage":"com.fghilmany.dietmealapp","appium:appActivity":".ui.main.MainActivity","appium:noReset":true,"appium:forceAppLaunch":true},"firstMatch":[{}]},"desiredCapabilities":{"platformName":"Android","appium:deviceName":"Alif's A33","appium:platformVersion":"13.0","appium:automationName":"UiAutomator2","appium:app":"/Users/aliffaddly/Documents/sanberCode QA 45/WebdriverIO-Mobile/test/apk/Diet_meal.apk","appium:appPackage":"com.fghilmany.dietmealapp","appium:appActivity":".ui.main.MainActivity","appium:noReset":true,"appium:forceAppLaunch":true}}[39m
[debug] [38;5;16m[AppiumDriver@09ed][0m Calling AppiumDriver.createSession() with args: [{"platformName":"Android","appium:deviceName":"Alif's A33","appium:platformVersion":"13.0","appium:automationName":"UiAutomator2","appium:app":"/Users/aliffaddly/Documents/sanberCode QA 45/WebdriverIO-Mobile/test/apk/Diet_meal.apk","appium:appPackage":"com.fghilmany.dietmealapp","appium:appActivity":".ui.main.MainActivity","appium:noReset":true,"appium:forceAppLaunch":true},null,{"alwaysMatch":{"platformName":"Android","appium:deviceName":"Alif's A33","appium:platformVersion":"13.0","appium:automationName":"UiAutomator2","appium:app":"/Users/aliffaddly/Documents/sanberCode QA 45/WebdriverIO-Mobile/test/apk/Diet_meal.apk","appium:appPackage":"com.fghilmany.dietmealapp","appium:appActivity":".ui.main.MainActivity","appium:noReset":true,"appium:forceAppLaunch":true},"firstMatch":[{}]}]
[debug] [38;5;16m[AppiumDriver@09ed][0m Event 'newSessionRequested' logged at 1688921556731 (23:52:36 GMT+0700 (Western Indonesia Time))
[35m[Appium][39m Attempting to find matching driver for automationName 'UiAutomator2' and platformName 'Android'
[35m[Appium][39m The 'uiautomator2' driver was installed and matched caps.
[35m[Appium][39m Will require it at /Users/aliffaddly/.appium/node_modules/appium-uiautomator2-driver
[debug] [35m[Appium][39m Requiring driver at /Users/aliffaddly/.appium/node_modules/appium-uiautomator2-driver
[38;5;16m[AppiumDriver@09ed][0m Appium v2.0.0-rc.5 creating new AndroidUiautomator2Driver (v2.29.2) session
[38;5;16m[AppiumDriver@09ed][0m Checking BaseDriver versions for Appium and AndroidUiautomator2Driver
[38;5;16m[AppiumDriver@09ed][0m Appium's BaseDriver version is 9.3.15
[38;5;16m[AppiumDriver@09ed][0m AndroidUiautomator2Driver's BaseDriver version is 9.3.15
[debug] [38;5;32m[AndroidUiautomator2Driver@5881][0m Creating session with W3C capabilities: {
[debug] [38;5;32m[AndroidUiautomator2Driver@5881][0m   "alwaysMatch": {
[debug] [38;5;32m[AndroidUiautomator2Driver@5881][0m     "platformName": "Android",
[debug] [38;5;32m[AndroidUiautomator2Driver@5881][0m     "appium:deviceName": "Alif's A33",
[debug] [38;5;32m[AndroidUiautomator2Driver@5881][0m     "appium:platformVersion": "13.0",
[debug] [38;5;32m[AndroidUiautomator2Driver@5881][0m     "appium:automationName": "UiAutomator2",
[debug] [38;5;32m[AndroidUiautomator2Driver@5881][0m     "appium:app": "/Users/aliffaddly/Documents/sanberCode QA 45/WebdriverIO-Mobile/test/apk/Diet_meal.apk",
[debug] [38;5;32m[AndroidUiautomator2Driver@5881][0m     "appium:appPackage": "com.fghilmany.dietmealapp",
[debug] [38;5;32m[AndroidUiautomator2Driver@5881][0m     "appium:appActivity": ".ui.main.MainActivity",
[debug] [38;5;32m[AndroidUiautomator2Driver@5881][0m     "appium:noReset": true,
[debug] [38;5;32m[AndroidUiautomator2Driver@5881][0m     "appium:forceAppLaunch": true
[debug] [38;5;32m[AndroidUiautomator2Driver@5881][0m   },
[debug] [38;5;32m[AndroidUiautomator2Driver@5881][0m   "firstMatch": [
[debug] [38;5;32m[AndroidUiautomator2Driver@5881][0m     {}
[debug] [38;5;32m[AndroidUiautomator2Driver@5881][0m   ]
[debug] [38;5;32m[AndroidUiautomator2Driver@5881][0m }
[38;5;32m[AndroidUiautomator2Driver@5881][0m The following capabilities were provided, but are not recognized by Appium:
[38;5;32m[AndroidUiautomator2Driver@5881][0m   deviceName
[38;5;32m[AndroidUiautomator2Driver@5881 (a1d441ff)][0m Session created with session id: a1d441ff-de27-4e1a-8860-dac43ad3e07a
[38;5;48m[BaseDriver][0m Using local app '/Users/aliffaddly/Documents/sanberCode QA 45/WebdriverIO-Mobile/test/apk/Diet_meal.apk'
[debug] [38;5;32m[AndroidUiautomator2Driver@5881 (a1d441ff)][0m Checking whether app is actually present
[38;5;64m[ADB][0m Found 2 'build-tools' folders under '/Users/aliffaddly/Library/Android/sdk' (newest first):
[38;5;64m[ADB][0m     /Users/aliffaddly/Library/Android/sdk/build-tools/34.0.0
[38;5;64m[ADB][0m     /Users/aliffaddly/Library/Android/sdk/build-tools/30.0.3
[38;5;64m[ADB][0m Using 'adb' from '/Users/aliffaddly/Library/Android/sdk/platform-tools/adb'
[debug] [38;5;64m[ADB][0m Running '/Users/aliffaddly/Library/Android/sdk/platform-tools/adb -P 5037 start-server'
[38;5;80m[AndroidDriver][0m Retrieving device list
[debug] [38;5;64m[ADB][0m Trying to find a connected android device
[debug] [38;5;64m[ADB][0m Getting connected devices
[debug] [38;5;64m[ADB][0m Connected devices: [{"udid":"RRCT5005N6E","state":"device"},{"udid":"emulator-5554","state":"device"}]
[38;5;80m[AndroidDriver][0m Looking for a device with Android '13.0.0'
[debug] [38;5;64m[ADB][0m Setting device id to RRCT5005N6E
[38;5;64m[ADB][0m Getting device platform version
[debug] [38;5;64m[ADB][0m Running '/Users/aliffaddly/Library/Android/sdk/platform-tools/adb -P 5037 -s RRCT5005N6E shell getprop ro.build.version.release'
[debug] [38;5;64m[ADB][0m Current device property 'ro.build.version.release': 13
[38;5;80m[AndroidDriver][0m Using device: RRCT5005N6E
[38;5;64m[ADB][0m Using 'adb' from '/Users/aliffaddly/Library/Android/sdk/platform-tools/adb'
[debug] [38;5;64m[ADB][0m Running '/Users/aliffaddly/Library/Android/sdk/platform-tools/adb -P 5037 start-server'
[debug] [38;5;64m[ADB][0m Setting device id to RRCT5005N6E
[debug] [38;5;64m[ADB][0m Running '/Users/aliffaddly/Library/Android/sdk/platform-tools/adb -P 5037 -s RRCT5005N6E shell getprop ro.build.version.sdk'
[debug] [38;5;64m[ADB][0m Current device property 'ro.build.version.sdk': 33
[38;5;64m[ADB][0m Getting device platform version
[debug] [38;5;64m[ADB][0m Running '/Users/aliffaddly/Library/Android/sdk/platform-tools/adb -P 5037 -s RRCT5005N6E shell getprop ro.build.version.release'
[debug] [38;5;64m[ADB][0m Current device property 'ro.build.version.release': 13
[debug] [38;5;64m[ADB][0m Device API level: 33
[38;5;32m[AndroidUiautomator2Driver@5881 (a1d441ff)][0m Relaxing hidden api policy
[debug] [38;5;64m[ADB][0m Running '/Users/aliffaddly/Library/Android/sdk/platform-tools/adb -P 5037 -s RRCT5005N6E shell 'settings put global hidden_api_policy_pre_p_apps 1;settings put global hidden_api_policy_p_apps 1;settings put global hidden_api_policy 1''
[debug] [38;5;80m[AndroidDriver][0m Pushing settings apk to device...
[debug] [38;5;64m[ADB][0m Getting package info for 'io.appium.settings'
[debug] [38;5;64m[ADB][0m Running '/Users/aliffaddly/Library/Android/sdk/platform-tools/adb -P 5037 -s RRCT5005N6E shell dumpsys package io.appium.settings'
[debug] [38;5;64m[ADB][0m The version name of the installed 'io.appium.settings' is greater or equal to the application version name ('5.0.5' >= '5.0.5')
[debug] [38;5;64m[ADB][0m There is no need to install/upgrade '/Users/aliffaddly/.appium/node_modules/appium-uiautomator2-driver/node_modules/io.appium.settings/apks/settings_apk-debug.apk'
[debug] [38;5;64m[ADB][0m Getting IDs of all 'io.appium.settings' processes
[debug] [38;5;64m[ADB][0m Running '/Users/aliffaddly/Library/Android/sdk/platform-tools/adb -P 5037 -s RRCT5005N6E shell 'pgrep --help; echo $?''
[debug] [38;5;64m[ADB][0m Running '/Users/aliffaddly/Library/Android/sdk/platform-tools/adb -P 5037 -s RRCT5005N6E shell pgrep -f \(\[\[:blank:\]\]\|\^\)io\.appium\.settings\(\[\[:blank:\]\]\|\$\)'
[debug] [38;5;80m[AndroidDriver][0m io.appium.settings is already running. There is no need to reset its permissions.
[debug] [38;5;64m[ADB][0m Running '/Users/aliffaddly/Library/Android/sdk/platform-tools/adb -P 5037 -s RRCT5005N6E shell appops set io.appium.settings android:mock_location allow'
[debug] [38;5;64m[ADB][0m Running '/Users/aliffaddly/Library/Android/sdk/platform-tools/adb -P 5037 -s RRCT5005N6E shell "[ -e '/data/local/tmp/mock_apps.json' ] && echo __PASS__"'
[debug] [38;5;64m[ADB][0m Running '/Users/aliffaddly/Library/Android/sdk/platform-tools/adb -P 5037 -s RRCT5005N6E shell cat /data/local/tmp/mock_apps.json'
[debug] [38;5;96m[Logcat][0m Starting logs capture with command: /Users/aliffaddly/Library/Android/sdk/platform-tools/adb -P 5037 -s RRCT5005N6E logcat -v threadtime
[debug] [38;5;32m[AndroidUiautomator2Driver@5881 (a1d441ff)][0m Forwarding UiAutomator2 Server port 6790 to local port 8201
[debug] [38;5;64m[ADB][0m Forwarding system: 8201 to device: 6790
[debug] [38;5;64m[ADB][0m Running '/Users/aliffaddly/Library/Android/sdk/platform-tools/adb -P 5037 -s RRCT5005N6E forward tcp:8201 tcp:6790'
[debug] [38;5;64m[ADB][0m Checking app cert for /Users/aliffaddly/.appium/node_modules/appium-uiautomator2-driver/node_modules/appium-uiautomator2-server/apks/appium-uiautomator2-server-v5.12.2.apk
[debug] [38;5;64m[ADB][0m Checking app cert for /Users/aliffaddly/.appium/node_modules/appium-uiautomator2-driver/node_modules/appium-uiautomator2-server/apks/appium-uiautomator2-server-debug-androidTest.apk
[38;5;64m[ADB][0m Using 'apksigner.jar' from '/Users/aliffaddly/Library/Android/sdk/build-tools/34.0.0/lib/apksigner.jar'
[debug] [38;5;64m[ADB][0m Starting apksigner: /usr/bin/java -Xmx1024M -Xss1m -jar /Users/aliffaddly/Library/Android/sdk/build-tools/34.0.0/lib/apksigner.jar verify --print-certs /Users/aliffaddly/.appium/node_modules/appium-uiautomator2-driver/node_modules/appium-uiautomator2-server/apks/appium-uiautomator2-server-debug-androidTest.apk
[debug] [38;5;64m[ADB][0m Starting apksigner: /usr/bin/java -Xmx1024M -Xss1m -jar /Users/aliffaddly/Library/Android/sdk/build-tools/34.0.0/lib/apksigner.jar verify --print-certs /Users/aliffaddly/.appium/node_modules/appium-uiautomator2-driver/node_modules/appium-uiautomator2-server/apks/appium-uiautomator2-server-v5.12.2.apk
[debug] [38;5;64m[ADB][0m apksigner stdout: Signer #1 certificate DN: EMAILADDRESS=android@android.com, CN=Android, OU=Android, O=Android, L=Mountain View, ST=California, C=US
[debug] [38;5;64m[ADB][0m Signer #1 certificate SHA-256 digest: a40da80a59d170caa950cf15c18c454d47a39b26989d8b640ecd745ba71bf5dc
[debug] [38;5;64m[ADB][0m Signer #1 certificate SHA-1 digest: 61ed377e85d386a8dfee6b864bd85b0bfaa5af81
[debug] [38;5;64m[ADB][0m Signer #1 certificate MD5 digest: e89b158e4bcf988ebd09eb83f5378e87
[debug] [38;5;64m[ADB][0m 
[debug] [38;5;64m[ADB][0m sha256 hash did match for 'appium-uiautomator2-server-debug-androidTest.apk'
[38;5;64m[ADB][0m '/Users/aliffaddly/.appium/node_modules/appium-uiautomator2-driver/node_modules/appium-uiautomator2-server/apks/appium-uiautomator2-server-debug-androidTest.apk' is signed with the default certificate
[debug] [38;5;64m[ADB][0m Getting install status for io.appium.uiautomator2.server.test
[debug] [38;5;64m[ADB][0m Running '/Users/aliffaddly/Library/Android/sdk/platform-tools/adb -P 5037 -s RRCT5005N6E shell pm path io.appium.uiautomator2.server.test'
[debug] [38;5;64m[ADB][0m 'io.appium.uiautomator2.server.test' is installed
[debug] [38;5;64m[ADB][0m apksigner stdout: Signer #1 certificate DN: EMAILADDRESS=android@android.com, CN=Android, OU=Android, O=Android, L=Mountain View, ST=California, C=US
[debug] [38;5;64m[ADB][0m Signer #1 certificate SHA-256 digest: a40da80a59d170caa950cf15c18c454d47a39b26989d8b640ecd745ba71bf5dc
[debug] [38;5;64m[ADB][0m Signer #1 certificate SHA-1 digest: 61ed377e85d386a8dfee6b864bd85b0bfaa5af81
[debug] [38;5;64m[ADB][0m Signer #1 certificate MD5 digest: e89b158e4bcf988ebd09eb83f5378e87
[debug] [38;5;64m[ADB][0m 
[debug] [38;5;64m[ADB][0m sha256 hash did match for 'appium-uiautomator2-server-v5.12.2.apk'
[38;5;64m[ADB][0m '/Users/aliffaddly/.appium/node_modules/appium-uiautomator2-driver/node_modules/appium-uiautomator2-server/apks/appium-uiautomator2-server-v5.12.2.apk' is signed with the default certificate
[debug] [38;5;64m[ADB][0m Getting package info for 'io.appium.uiautomator2.server'
[debug] [38;5;64m[ADB][0m Running '/Users/aliffaddly/Library/Android/sdk/platform-tools/adb -P 5037 -s RRCT5005N6E shell dumpsys package io.appium.uiautomator2.server'
[debug] [38;5;64m[ADB][0m The version name of the installed 'io.appium.uiautomator2.server' is greater or equal to the application version name ('5.12.2' >= '5.12.2')
[debug] [38;5;32m[AndroidUiautomator2Driver@5881 (a1d441ff)][0m Server packages status: [{"wasSigned":true,"installState":"sameVersionInstalled","appPath":"/Users/aliffaddly/.appium/node_modules/appium-uiautomator2-driver/node_modules/appium-uiautomator2-server/apks/appium-uiautomator2-server-v5.12.2.apk","appId":"io.appium.uiautomator2.server"},{"wasSigned":true,"installState":"sameVersionInstalled","appPath":"/Users/aliffaddly/.appium/node_modules/appium-uiautomator2-driver/node_modules/appium-uiautomator2-server/apks/appium-uiautomator2-server-debug-androidTest.apk","appId":"io.appium.uiautomator2.server.test"}]
[38;5;32m[AndroidUiautomator2Driver@5881 (a1d441ff)][0m Server packages are not going to be (re)installed
[debug] [38;5;32m[AndroidUiautomator2Driver@5881 (a1d441ff)][0m Waiting up to 30000ms for services to be available
[debug] [38;5;64m[ADB][0m Running '/Users/aliffaddly/Library/Android/sdk/platform-tools/adb -P 5037 -s RRCT5005N6E shell pm list instrumentation'
[debug] [38;5;32m[AndroidUiautomator2Driver@5881 (a1d441ff)][0m Instrumentation target 'io.appium.uiautomator2.server.test/androidx.test.runner.AndroidJUnitRunner' is available
[38;5;64m[ADB][0m Adding packages ["io.appium.settings","io.appium.uiautomator2.server","io.appium.uiautomator2.server.test"] to Doze whitelist
[debug] [38;5;64m[ADB][0m Got the following command chunks to execute: [["dumpsys","deviceidle","whitelist","+io.appium.settings",";","dumpsys","deviceidle","whitelist","+io.appium.uiautomator2.server",";","dumpsys","deviceidle","whitelist","+io.appium.uiautomator2.server.test",";"]]
[debug] [38;5;64m[ADB][0m Running '/Users/aliffaddly/Library/Android/sdk/platform-tools/adb -P 5037 -s RRCT5005N6E shell dumpsys deviceidle whitelist +io.appium.settings ; dumpsys deviceidle whitelist +io.appium.uiautomator2.server ; dumpsys deviceidle whitelist +io.appium.uiautomator2.server.test ;'
[debug] [38;5;64m[ADB][0m Getting install status for com.fghilmany.dietmealapp
[debug] [38;5;64m[ADB][0m Running '/Users/aliffaddly/Library/Android/sdk/platform-tools/adb -P 5037 -s RRCT5005N6E shell pm path com.fghilmany.dietmealapp'
[debug] [38;5;64m[ADB][0m 'com.fghilmany.dietmealapp' is installed
[debug] [38;5;32m[AndroidUiautomator2Driver@5881 (a1d441ff)][0m noReset has been requested and the app is already installed. Doing nothing
[debug] [38;5;32m[AndroidUiautomator2Driver@5881 (a1d441ff)][0m Performing shallow cleanup of automation leftovers
[debug] [38;5;32m[AndroidUiautomator2Driver@5881 (a1d441ff)][0m No obsolete sessions have been detected (socket hang up)
[debug] [38;5;64m[ADB][0m Running '/Users/aliffaddly/Library/Android/sdk/platform-tools/adb -P 5037 -s RRCT5005N6E shell am force-stop io.appium.uiautomator2.server.test'
[38;5;32m[AndroidUiautomator2Driver@5881 (a1d441ff)][0m Starting UIAutomator2 server 5.12.2
[38;5;32m[AndroidUiautomator2Driver@5881 (a1d441ff)][0m Using UIAutomator2 server from '/Users/aliffaddly/.appium/node_modules/appium-uiautomator2-driver/node_modules/appium-uiautomator2-server/apks/appium-uiautomator2-server-v5.12.2.apk' and test from '/Users/aliffaddly/.appium/node_modules/appium-uiautomator2-driver/node_modules/appium-uiautomator2-server/apks/appium-uiautomator2-server-debug-androidTest.apk'
[38;5;32m[AndroidUiautomator2Driver@5881 (a1d441ff)][0m Waiting up to 30000ms for UiAutomator2 to be online...
[debug] [38;5;64m[ADB][0m Creating ADB subprocess with args: ["-P","5037","-s","RRCT5005N6E","shell","am","instrument","-w","-e","disableAnalytics",true,"io.appium.uiautomator2.server.test/androidx.test.runner.AndroidJUnitRunner"]
[debug] [38;5;32m[AndroidUiautomator2Driver@5881 (a1d441ff)][0m Matched '/status' to command name 'getStatus'
[debug] [38;5;32m[AndroidUiautomator2Driver@5881 (a1d441ff)][0m Proxying [GET /status] to [GET http://127.0.0.1:8201/status] with no body
[38;5;32m[AndroidUiautomator2Driver@5881 (a1d441ff)][0m socket hang up
[debug] [38;5;112m[Instrumentation][0m io.appium.uiautomator2.server.test.AppiumUiAutomator2Server:
[debug] [38;5;32m[AndroidUiautomator2Driver@5881 (a1d441ff)][0m Matched '/status' to command name 'getStatus'
[debug] [38;5;32m[AndroidUiautomator2Driver@5881 (a1d441ff)][0m Proxying [GET /status] to [GET http://127.0.0.1:8201/status] with no body
[38;5;32m[AndroidUiautomator2Driver@5881 (a1d441ff)][0m socket hang up
[debug] [38;5;32m[AndroidUiautomator2Driver@5881 (a1d441ff)][0m Matched '/status' to command name 'getStatus'
[debug] [38;5;32m[AndroidUiautomator2Driver@5881 (a1d441ff)][0m Proxying [GET /status] to [GET http://127.0.0.1:8201/status] with no body
[debug] [38;5;32m[AndroidUiautomator2Driver@5881 (a1d441ff)][0m Got response with status 200: {"sessionId":"None","value":{"message":"UiAutomator2 Server is ready to accept commands","ready":true}}
[debug] [38;5;32m[AndroidUiautomator2Driver@5881 (a1d441ff)][0m The initialization of the instrumentation process took 2093ms
[debug] [38;5;32m[AndroidUiautomator2Driver@5881 (a1d441ff)][0m Matched '/session' to command name 'createSession'
[debug] [38;5;32m[AndroidUiautomator2Driver@5881 (a1d441ff)][0m Proxying [POST /session] to [POST http://127.0.0.1:8201/session] with body: {"capabilities":{"firstMatch":[{"platform":"LINUX","webStorageEnabled":false,"takesScreenshot":true,"javascriptEnabled":true,"databaseEnabled":false,"networkConnectionEnabled":true,"locationContextEnabled":false,"warnings":{},"desired":{"platformName":"Android","deviceName":"Alif's A33","platformVersion":"13.0","automationName":"UiAutomator2","app":"/Users/aliffaddly/Documents/sanberCode QA 45/WebdriverIO-Mobile/test/apk/Diet_meal.apk","appPackage":"com.fghilmany.dietmealapp","appActivity":".ui.main.MainActivity","noReset":true,"forceAppLaunch":true},"platformName":"Android","deviceName":"RRCT5005N6E","platformVersion":"13.0","automationName":"UiAutomator2","app":"/Users/aliffaddly/Documents/sanberCode QA 45/WebdriverIO-Mobile/test/apk/Diet_meal.apk","appPackage":"com.fghilmany.dietmealapp","appActivity":".ui.main.MainActivity","noReset":true,"forceAppLaunch":true,"deviceUDID":"RRCT5005N6E"}],"alwaysMatch":{}}}
[debug] [38;5;32m[AndroidUiautomator2Driver@5881 (a1d441ff)][0m Got response with status 200: {"sessionId":"bd2e3f95-e955-4e28-ae8d-7f1a771072ba","value":{"capabilities":{"firstMatch":[{"platform":"LINUX","webStorageEnabled":false,"takesScreenshot":true,"javascriptEnabled":true,"databaseEnabled":false,"networkConnectionEnabled":true,"locationContextEnabled":false,"warnings":{},"desired":{"platformName":"Android","deviceName":"Alif's A33","platformVersion":"13.0","automationName":"UiAutomator2","app":"/Users/aliffaddly/Documents/sanberCode QA 45/WebdriverIO-Mobile/test/apk/Diet_meal.apk","appPackage":"com.fghilmany.dietmealapp","appActivity":".ui.main.MainActivity","noReset":true,"forceAppLaunch":true},"platformName":"Android","deviceName":"RRCT5005N6E","platformVersion":"13.0","automationName":"UiAutomator2","app":"/Users/aliffaddly/Documents/sanberCode QA 45/WebdriverIO-Mobile/test/apk/Diet_meal.apk","appPackage":"com.fghilmany.dietmealapp","appActivity":".ui.main.MainActivity","noReset":true,"forceAppLaunch":true,"deviceUDID":"RRCT5005N6E"}],"alwaysMatch":{}},"sessionId":"bd2e3f95-e955-4e28-ae8d-...
[38;5;32m[AndroidUiautomator2Driver@5881 (a1d441ff)][0m Determined the downstream protocol as 'W3C'
[debug] [38;5;32m[AndroidUiautomator2Driver@5881 (a1d441ff)][0m Proxying [GET /appium/device/info] to [GET http://127.0.0.1:8201/session/bd2e3f95-e955-4e28-ae8d-7f1a771072ba/appium/device/info] with no body
[debug] [38;5;32m[AndroidUiautomator2Driver@5881 (a1d441ff)][0m Got response with status 200: {"sessionId":"bd2e3f95-e955-4e28-ae8d-7f1a771072ba","value":{"androidId":"8376add88ddfa682","apiVersion":"33","bluetooth":{"state":"OFF"},"brand":"samsung","carrierName":"XL","displayDensity":450,"locale":"en_US","manufacturer":"samsung","model":"SM-A336E","networks":[{"capabilities":{"SSID":null,"linkDownBandwidthKbps":12507,"linkUpstreamBandwidthKbps":10782,"networkCapabilities":"NET_CAPABILITY_IMS,NET_CAPABILITY_NOT_METERED,NET_CAPABILITY_TRUSTED,NET_CAPABILITY_NOT_VPN,NET_CAPABILITY_VALIDATED,NET_CAPABILITY_NOT_ROAMING,NET_CAPABILITY_FOREGROUND,NET_CAPABILITY_NOT_CONGESTED,NET_CAPABILITY_NOT_SUSPENDED","signalStrength":-2147483648,"transportTypes":"TRANSPORT_CELLULAR"},"detailedState":"CONNECTED","extraInfo":"IMS","isAvailable":true,"isConnected":true,"isFailover":false,"isRoaming":false,"state":"CONNECTED","subtype":13,"subtypeName":"LTE","type":0,"typeName":"MOBILE"},{"capabilities":{"SSID":null,"linkDownBandwidthKbps":12762,"linkUpstreamBandwidthKbps":11980,"networkCapabilities":"NET_CAPABILITY_NOT_...
[debug] [38;5;64m[ADB][0m Running '/Users/aliffaddly/Library/Android/sdk/platform-tools/adb -P 5037 -s RRCT5005N6E shell dumpsys window'
[38;5;80m[AndroidDriver][0m Screen already unlocked, doing nothing
[38;5;32m[AndroidUiautomator2Driver@5881 (a1d441ff)][0m Starting 'com.fghilmany.dietmealapp/.ui.main.MainActivity and waiting for 'com.fghilmany.dietmealapp/.ui.main.MainActivity'
[debug] [38;5;64m[ADB][0m Running '/Users/aliffaddly/Library/Android/sdk/platform-tools/adb -P 5037 -s RRCT5005N6E shell am start -W -n com.fghilmany.dietmealapp/.ui.main.MainActivity -S -a android.intent.action.MAIN -c android.intent.category.LAUNCHER -f 0x10200000'
[debug] [38;5;32m[AndroidUiautomator2Driver@5881 (a1d441ff)][0m Proxying [GET /appium/device/pixel_ratio] to [GET http://127.0.0.1:8201/session/bd2e3f95-e955-4e28-ae8d-7f1a771072ba/appium/device/pixel_ratio] with no body
[debug] [38;5;32m[AndroidUiautomator2Driver@5881 (a1d441ff)][0m Got response with status 200: {"sessionId":"bd2e3f95-e955-4e28-ae8d-7f1a771072ba","value":2.8125}
[debug] [38;5;32m[AndroidUiautomator2Driver@5881 (a1d441ff)][0m Matched '/appium/device/system_bars' to command name 'getSystemBars'
[debug] [38;5;32m[AndroidUiautomator2Driver@5881 (a1d441ff)][0m Proxying [GET /appium/device/system_bars] to [GET http://127.0.0.1:8201/session/bd2e3f95-e955-4e28-ae8d-7f1a771072ba/appium/device/system_bars] with no body
[debug] [38;5;32m[AndroidUiautomator2Driver@5881 (a1d441ff)][0m Got response with status 200: {"sessionId":"bd2e3f95-e955-4e28-ae8d-7f1a771072ba","value":{"statusBar":65}}
[debug] [38;5;32m[AndroidUiautomator2Driver@5881 (a1d441ff)][0m Matched '/window/current/size' to command name 'getWindowSize'
[debug] [38;5;32m[AndroidUiautomator2Driver@5881 (a1d441ff)][0m Proxying [GET /window/current/size] to [GET http://127.0.0.1:8201/session/bd2e3f95-e955-4e28-ae8d-7f1a771072ba/window/current/size] with no body
[debug] [38;5;32m[AndroidUiautomator2Driver@5881 (a1d441ff)][0m Got response with status 200: {"sessionId":"bd2e3f95-e955-4e28-ae8d-7f1a771072ba","value":{"height":2185,"width":1080}}
[38;5;16m[AppiumDriver@09ed][0m New AndroidUiautomator2Driver session created successfully, session a1d441ff-de27-4e1a-8860-dac43ad3e07a added to master session list
[debug] [38;5;16m[AppiumDriver@09ed][0m Event 'newSessionStarted' logged at 1688921562802 (23:52:42 GMT+0700 (Western Indonesia Time))
[debug] [38;5;32m[AndroidUiautomator2Driver@5881 (a1d441ff)][0m Cached the protocol value 'W3C' for the new session a1d441ff-de27-4e1a-8860-dac43ad3e07a
[debug] [38;5;32m[AndroidUiautomator2Driver@5881 (a1d441ff)][0m Responding to client with driver.createSession() result: {"capabilities":{"platform":"LINUX","webStorageEnabled":false,"takesScreenshot":true,"javascriptEnabled":true,"databaseEnabled":false,"networkConnectionEnabled":true,"locationContextEnabled":false,"warnings":{},"desired":{"platformName":"Android","deviceName":"Alif's A33","platformVersion":"13.0","automationName":"UiAutomator2","app":"/Users/aliffaddly/Documents/sanberCode QA 45/WebdriverIO-Mobile/test/apk/Diet_meal.apk","appPackage":"com.fghilmany.dietmealapp","appActivity":".ui.main.MainActivity","noReset":true,"forceAppLaunch":true},"platformName":"Android","deviceName":"RRCT5005N6E","platformVersion":"13","automationName":"UiAutomator2","app":"/Users/aliffaddly/Documents/sanberCode QA 45/WebdriverIO-Mobile/test/apk/Diet_meal.apk","appPackage":"com.fghilmany.dietmealapp","appActivity":".ui.main.MainActivity","noReset":true,"forceAppLaunch":true,"deviceUDID":"RRCT5005N6E","deviceApiLevel":33,"deviceScreenSize":"1080x2400","deviceScreenDensity":450,"deviceModel":"SM-A336E","deviceManufacturer":"samsung","...
[38;5;0m[HTTP][0m [37m<-- POST /session [39m[32m200[39m [90m6078 ms - 1183[39m
[38;5;0m[HTTP][0m [90m[39m
[38;5;0m[HTTP][0m [37m-->[39m [37mPOST[39m [37m/session/a1d441ff-de27-4e1a-8860-dac43ad3e07a/element[39m
[38;5;0m[HTTP][0m [90m{"using":"id","value":"com.fghilmany.dietmealapp:id/et_name"}[39m
[debug] [38;5;32m[AndroidUiautomator2Driver@5881 (a1d441ff)][0m Calling AppiumDriver.findElement() with args: ["id","com.fghilmany.dietmealapp:id/et_name","a1d441ff-de27-4e1a-8860-dac43ad3e07a"]
[debug] [38;5;32m[AndroidUiautomator2Driver@5881 (a1d441ff)][0m Valid locator strategies for this request: xpath, id, class name, accessibility id, css selector, -android uiautomator
[debug] [38;5;32m[AndroidUiautomator2Driver@5881 (a1d441ff)][0m Waiting up to 0 ms for condition
[debug] [38;5;32m[AndroidUiautomator2Driver@5881 (a1d441ff)][0m Matched '/element' to command name 'findElement'
[debug] [38;5;32m[AndroidUiautomator2Driver@5881 (a1d441ff)][0m Proxying [POST /element] to [POST http://127.0.0.1:8201/session/bd2e3f95-e955-4e28-ae8d-7f1a771072ba/element] with body: {"strategy":"id","selector":"com.fghilmany.dietmealapp:id/et_name","context":"","multiple":false}
[38;5;32m[AndroidUiautomator2Driver@5881 (a1d441ff)][0m Got response with status 404: {"sessionId":"bd2e3f95-e955-4e28-ae8d-7f1a771072ba","value":{"error":"no such element","message":"An element could not be located on the page using the given search parameters","stacktrace":"io.appium.uiautomator2.common.exceptions.ElementNotFoundException: An element could not be located on the page using the given search parameters\n\tat io.appium.uiautomator2.handler.FindElement.safeHandle(FindElement.java:63)\n\tat io.appium.uiautomator2.handler.request.SafeRequestHandler.handle(SafeRequestHandler.java:59)\n\tat io.appium.uiautomator2.server.AppiumServlet.handleRequest(AppiumServlet.java:277)\n\tat io.appium.uiautomator2.server.AppiumServlet.handleHttpRequest(AppiumServlet.java:271)\n\tat io.appium.uiautomator2.http.ServerHandler.channelRead(ServerHandler.java:68)\n\tat io.netty.channel.AbstractChannelHandlerContext.invokeChannelRead(AbstractChannelHandlerContext.java:366)\n\tat io.netty.channel.AbstractChannelHandlerContext.invokeChannelRead(AbstractChannelHandlerContext.java:352)\n\tat io.netty.chann...
[debug] [38;5;128m[W3C][0m Matched W3C error code 'no such element' to NoSuchElementError
[debug] [38;5;32m[AndroidUiautomator2Driver@5881 (a1d441ff)][0m Encountered internal error running command: NoSuchElementError: An element could not be located on the page using the given search parameters.
[debug] [38;5;32m[AndroidUiautomator2Driver@5881 (a1d441ff)][0m     at AndroidUiautomator2Driver.findElOrEls (/Users/aliffaddly/.appium/node_modules/appium-uiautomator2-driver/node_modules/appium-android-driver/lib/commands/find.js:75:11)
[debug] [38;5;32m[AndroidUiautomator2Driver@5881 (a1d441ff)][0m     at processTicksAndRejections (node:internal/process/task_queues:95:5)
[debug] [38;5;32m[AndroidUiautomator2Driver@5881 (a1d441ff)][0m     at AndroidUiautomator2Driver.findElOrElsWithProcessing (/usr/local/lib/node_modules/appium/node_modules/@appium/base-driver/lib/basedriver/commands/find.ts:60:12)
[debug] [38;5;32m[AndroidUiautomator2Driver@5881 (a1d441ff)][0m     at AndroidUiautomator2Driver.findElement (/usr/local/lib/node_modules/appium/node_modules/@appium/base-driver/lib/basedriver/commands/find.ts:75:12)
[38;5;0m[HTTP][0m [37m<-- POST /session/a1d441ff-de27-4e1a-8860-dac43ad3e07a/element [39m[33m404[39m [90m397 ms - 815[39m
[38;5;0m[HTTP][0m [90m[39m
[38;5;0m[HTTP][0m [37m-->[39m [37mPOST[39m [37m/session/a1d441ff-de27-4e1a-8860-dac43ad3e07a/elements[39m
[38;5;0m[HTTP][0m [90m{"using":"id","value":"com.fghilmany.dietmealapp:id/et_name"}[39m
[debug] [38;5;32m[AndroidUiautomator2Driver@5881 (a1d441ff)][0m Calling AppiumDriver.findElements() with args: ["id","com.fghilmany.dietmealapp:id/et_name","a1d441ff-de27-4e1a-8860-dac43ad3e07a"]
[debug] [38;5;32m[AndroidUiautomator2Driver@5881 (a1d441ff)][0m Valid locator strategies for this request: xpath, id, class name, accessibility id, css selector, -android uiautomator
[debug] [38;5;32m[AndroidUiautomator2Driver@5881 (a1d441ff)][0m Waiting up to 0 ms for condition
[debug] [38;5;32m[AndroidUiautomator2Driver@5881 (a1d441ff)][0m Matched '/elements' to command name 'findElements'
[debug] [38;5;32m[AndroidUiautomator2Driver@5881 (a1d441ff)][0m Proxying [POST /elements] to [POST http://127.0.0.1:8201/session/bd2e3f95-e955-4e28-ae8d-7f1a771072ba/elements] with body: {"strategy":"id","selector":"com.fghilmany.dietmealapp:id/et_name","context":"","multiple":true}
[debug] [38;5;32m[AndroidUiautomator2Driver@5881 (a1d441ff)][0m Got response with status 200: {"sessionId":"bd2e3f95-e955-4e28-ae8d-7f1a771072ba","value":[]}
[debug] [38;5;32m[AndroidUiautomator2Driver@5881 (a1d441ff)][0m Responding to client with driver.findElements() result: []
[38;5;0m[HTTP][0m [37m<-- POST /session/a1d441ff-de27-4e1a-8860-dac43ad3e07a/elements [39m[32m200[39m [90m66 ms - 12[39m
[38;5;0m[HTTP][0m [90m[39m
[38;5;0m[HTTP][0m [37m-->[39m [37mPOST[39m [37m/session/a1d441ff-de27-4e1a-8860-dac43ad3e07a/elements[39m
[38;5;0m[HTTP][0m [90m{"using":"id","value":"com.fghilmany.dietmealapp:id/et_name"}[39m
[debug] [38;5;32m[AndroidUiautomator2Driver@5881 (a1d441ff)][0m Calling AppiumDriver.findElements() with args: ["id","com.fghilmany.dietmealapp:id/et_name","a1d441ff-de27-4e1a-8860-dac43ad3e07a"]
[debug] [38;5;32m[AndroidUiautomator2Driver@5881 (a1d441ff)][0m Valid locator strategies for this request: xpath, id, class name, accessibility id, css selector, -android uiautomator
[debug] [38;5;32m[AndroidUiautomator2Driver@5881 (a1d441ff)][0m Waiting up to 0 ms for condition
[debug] [38;5;32m[AndroidUiautomator2Driver@5881 (a1d441ff)][0m Matched '/elements' to command name 'findElements'
[debug] [38;5;32m[AndroidUiautomator2Driver@5881 (a1d441ff)][0m Proxying [POST /elements] to [POST http://127.0.0.1:8201/session/bd2e3f95-e955-4e28-ae8d-7f1a771072ba/elements] with body: {"strategy":"id","selector":"com.fghilmany.dietmealapp:id/et_name","context":"","multiple":true}
[debug] [38;5;32m[AndroidUiautomator2Driver@5881 (a1d441ff)][0m Got response with status 200: {"sessionId":"bd2e3f95-e955-4e28-ae8d-7f1a771072ba","value":[]}
[debug] [38;5;32m[AndroidUiautomator2Driver@5881 (a1d441ff)][0m Responding to client with driver.findElements() result: []
[38;5;0m[HTTP][0m [37m<-- POST /session/a1d441ff-de27-4e1a-8860-dac43ad3e07a/elements [39m[32m200[39m [90m36 ms - 12[39m
[38;5;0m[HTTP][0m [90m[39m
[38;5;0m[HTTP][0m [37m-->[39m [37mPOST[39m [37m/session/a1d441ff-de27-4e1a-8860-dac43ad3e07a/elements[39m
[38;5;0m[HTTP][0m [90m{"using":"id","value":"com.fghilmany.dietmealapp:id/et_name"}[39m
[debug] [38;5;32m[AndroidUiautomator2Driver@5881 (a1d441ff)][0m Calling AppiumDriver.findElements() with args: ["id","com.fghilmany.dietmealapp:id/et_name","a1d441ff-de27-4e1a-8860-dac43ad3e07a"]
[debug] [38;5;32m[AndroidUiautomator2Driver@5881 (a1d441ff)][0m Valid locator strategies for this request: xpath, id, class name, accessibility id, css selector, -android uiautomator
[debug] [38;5;32m[AndroidUiautomator2Driver@5881 (a1d441ff)][0m Waiting up to 0 ms for condition
[debug] [38;5;32m[AndroidUiautomator2Driver@5881 (a1d441ff)][0m Matched '/elements' to command name 'findElements'
[debug] [38;5;32m[AndroidUiautomator2Driver@5881 (a1d441ff)][0m Proxying [POST /elements] to [POST http://127.0.0.1:8201/session/bd2e3f95-e955-4e28-ae8d-7f1a771072ba/elements] with body: {"strategy":"id","selector":"com.fghilmany.dietmealapp:id/et_name","context":"","multiple":true}
[debug] [38;5;32m[AndroidUiautomator2Driver@5881 (a1d441ff)][0m Got response with status 200: {"sessionId":"bd2e3f95-e955-4e28-ae8d-7f1a771072ba","value":[]}
[debug] [38;5;32m[AndroidUiautomator2Driver@5881 (a1d441ff)][0m Responding to client with driver.findElements() result: []
[38;5;0m[HTTP][0m [37m<-- POST /session/a1d441ff-de27-4e1a-8860-dac43ad3e07a/elements [39m[32m200[39m [90m40 ms - 12[39m
[38;5;0m[HTTP][0m [90m[39m
[38;5;0m[HTTP][0m [37m-->[39m [37mPOST[39m [37m/session/a1d441ff-de27-4e1a-8860-dac43ad3e07a/elements[39m
[38;5;0m[HTTP][0m [90m{"using":"id","value":"com.fghilmany.dietmealapp:id/et_name"}[39m
[debug] [38;5;32m[AndroidUiautomator2Driver@5881 (a1d441ff)][0m Calling AppiumDriver.findElements() with args: ["id","com.fghilmany.dietmealapp:id/et_name","a1d441ff-de27-4e1a-8860-dac43ad3e07a"]
[debug] [38;5;32m[AndroidUiautomator2Driver@5881 (a1d441ff)][0m Valid locator strategies for this request: xpath, id, class name, accessibility id, css selector, -android uiautomator
[debug] [38;5;32m[AndroidUiautomator2Driver@5881 (a1d441ff)][0m Waiting up to 0 ms for condition
[debug] [38;5;32m[AndroidUiautomator2Driver@5881 (a1d441ff)][0m Matched '/elements' to command name 'findElements'
[debug] [38;5;32m[AndroidUiautomator2Driver@5881 (a1d441ff)][0m Proxying [POST /elements] to [POST http://127.0.0.1:8201/session/bd2e3f95-e955-4e28-ae8d-7f1a771072ba/elements] with body: {"strategy":"id","selector":"com.fghilmany.dietmealapp:id/et_name","context":"","multiple":true}
[debug] [38;5;32m[AndroidUiautomator2Driver@5881 (a1d441ff)][0m Got response with status 200: {"sessionId":"bd2e3f95-e955-4e28-ae8d-7f1a771072ba","value":[]}
[debug] [38;5;32m[AndroidUiautomator2Driver@5881 (a1d441ff)][0m Responding to client with driver.findElements() result: []
[38;5;0m[HTTP][0m [37m<-- POST /session/a1d441ff-de27-4e1a-8860-dac43ad3e07a/elements [39m[32m200[39m [90m52 ms - 12[39m
[38;5;0m[HTTP][0m [90m[39m
[38;5;0m[HTTP][0m [37m-->[39m [37mPOST[39m [37m/session/a1d441ff-de27-4e1a-8860-dac43ad3e07a/elements[39m
[38;5;0m[HTTP][0m [90m{"using":"id","value":"com.fghilmany.dietmealapp:id/et_name"}[39m
[debug] [38;5;32m[AndroidUiautomator2Driver@5881 (a1d441ff)][0m Calling AppiumDriver.findElements() with args: ["id","com.fghilmany.dietmealapp:id/et_name","a1d441ff-de27-4e1a-8860-dac43ad3e07a"]
[debug] [38;5;32m[AndroidUiautomator2Driver@5881 (a1d441ff)][0m Valid locator strategies for this request: xpath, id, class name, accessibility id, css selector, -android uiautomator
[debug] [38;5;32m[AndroidUiautomator2Driver@5881 (a1d441ff)][0m Waiting up to 0 ms for condition
[debug] [38;5;32m[AndroidUiautomator2Driver@5881 (a1d441ff)][0m Matched '/elements' to command name 'findElements'
[debug] [38;5;32m[AndroidUiautomator2Driver@5881 (a1d441ff)][0m Proxying [POST /elements] to [POST http://127.0.0.1:8201/session/bd2e3f95-e955-4e28-ae8d-7f1a771072ba/elements] with body: {"strategy":"id","selector":"com.fghilmany.dietmealapp:id/et_name","context":"","multiple":true}
[debug] [38;5;32m[AndroidUiautomator2Driver@5881 (a1d441ff)][0m Got response with status 200: {"sessionId":"bd2e3f95-e955-4e28-ae8d-7f1a771072ba","value":[]}
[debug] [38;5;32m[AndroidUiautomator2Driver@5881 (a1d441ff)][0m Responding to client with driver.findElements() result: []
[38;5;0m[HTTP][0m [37m<-- POST /session/a1d441ff-de27-4e1a-8860-dac43ad3e07a/elements [39m[32m200[39m [90m47 ms - 12[39m
[38;5;0m[HTTP][0m [90m[39m
[38;5;0m[HTTP][0m [37m-->[39m [37mPOST[39m [37m/session/a1d441ff-de27-4e1a-8860-dac43ad3e07a/elements[39m
[38;5;0m[HTTP][0m [90m{"using":"id","value":"com.fghilmany.dietmealapp:id/et_name"}[39m
[debug] [38;5;32m[AndroidUiautomator2Driver@5881 (a1d441ff)][0m Calling AppiumDriver.findElements() with args: ["id","com.fghilmany.dietmealapp:id/et_name","a1d441ff-de27-4e1a-8860-dac43ad3e07a"]
[debug] [38;5;32m[AndroidUiautomator2Driver@5881 (a1d441ff)][0m Valid locator strategies for this request: xpath, id, class name, accessibility id, css selector, -android uiautomator
[debug] [38;5;32m[AndroidUiautomator2Driver@5881 (a1d441ff)][0m Waiting up to 0 ms for condition
[debug] [38;5;32m[AndroidUiautomator2Driver@5881 (a1d441ff)][0m Matched '/elements' to command name 'findElements'
[debug] [38;5;32m[AndroidUiautomator2Driver@5881 (a1d441ff)][0m Proxying [POST /elements] to [POST http://127.0.0.1:8201/session/bd2e3f95-e955-4e28-ae8d-7f1a771072ba/elements] with body: {"strategy":"id","selector":"com.fghilmany.dietmealapp:id/et_name","context":"","multiple":true}
[debug] [38;5;32m[AndroidUiautomator2Driver@5881 (a1d441ff)][0m Got response with status 200: {"sessionId":"bd2e3f95-e955-4e28-ae8d-7f1a771072ba","value":[{"ELEMENT":"00000000-0000-00d3-ffff-ffff00000013","element-6066-11e4-a52e-4f735466cecf":"00000000-0000-00d3-ffff-ffff00000013"}]}
[debug] [38;5;32m[AndroidUiautomator2Driver@5881 (a1d441ff)][0m Responding to client with driver.findElements() result: [{"element-6066-11e4-a52e-4f735466cecf":"00000000-0000-00d3-ffff-ffff00000013","ELEMENT":"00000000-0000-00d3-ffff-ffff00000013"}]
[38;5;0m[HTTP][0m [37m<-- POST /session/a1d441ff-de27-4e1a-8860-dac43ad3e07a/elements [39m[32m200[39m [90m321 ms - 139[39m
[38;5;0m[HTTP][0m [90m[39m
[38;5;0m[HTTP][0m [37m-->[39m [37mPOST[39m [37m/session/a1d441ff-de27-4e1a-8860-dac43ad3e07a/element[39m
[38;5;0m[HTTP][0m [90m{"using":"id","value":"com.fghilmany.dietmealapp:id/et_name"}[39m
[debug] [38;5;32m[AndroidUiautomator2Driver@5881 (a1d441ff)][0m Calling AppiumDriver.findElement() with args: ["id","com.fghilmany.dietmealapp:id/et_name","a1d441ff-de27-4e1a-8860-dac43ad3e07a"]
[debug] [38;5;32m[AndroidUiautomator2Driver@5881 (a1d441ff)][0m Valid locator strategies for this request: xpath, id, class name, accessibility id, css selector, -android uiautomator
[debug] [38;5;32m[AndroidUiautomator2Driver@5881 (a1d441ff)][0m Waiting up to 0 ms for condition
[debug] [38;5;32m[AndroidUiautomator2Driver@5881 (a1d441ff)][0m Matched '/element' to command name 'findElement'
[debug] [38;5;32m[AndroidUiautomator2Driver@5881 (a1d441ff)][0m Proxying [POST /element] to [POST http://127.0.0.1:8201/session/bd2e3f95-e955-4e28-ae8d-7f1a771072ba/element] with body: {"strategy":"id","selector":"com.fghilmany.dietmealapp:id/et_name","context":"","multiple":false}
[debug] [38;5;32m[AndroidUiautomator2Driver@5881 (a1d441ff)][0m Got response with status 200: {"sessionId":"bd2e3f95-e955-4e28-ae8d-7f1a771072ba","value":{"ELEMENT":"00000000-0000-00d3-ffff-ffff00000013","element-6066-11e4-a52e-4f735466cecf":"00000000-0000-00d3-ffff-ffff00000013"}}
[debug] [38;5;32m[AndroidUiautomator2Driver@5881 (a1d441ff)][0m Responding to client with driver.findElement() result: {"element-6066-11e4-a52e-4f735466cecf":"00000000-0000-00d3-ffff-ffff00000013","ELEMENT":"00000000-0000-00d3-ffff-ffff00000013"}
[38;5;0m[HTTP][0m [37m<-- POST /session/a1d441ff-de27-4e1a-8860-dac43ad3e07a/element [39m[32m200[39m [90m559 ms - 137[39m
[38;5;0m[HTTP][0m [90m[39m
[38;5;0m[HTTP][0m [37m-->[39m [37mPOST[39m [37m/session/a1d441ff-de27-4e1a-8860-dac43ad3e07a/element/00000000-0000-00d3-ffff-ffff00000013/clear[39m
[38;5;0m[HTTP][0m [90m{}[39m
[debug] [38;5;32m[AndroidUiautomator2Driver@5881 (a1d441ff)][0m Calling AppiumDriver.clear() with args: ["00000000-0000-00d3-ffff-ffff00000013","a1d441ff-de27-4e1a-8860-dac43ad3e07a"]
[debug] [38;5;32m[AndroidUiautomator2Driver@5881 (a1d441ff)][0m Matched '/element/00000000-0000-00d3-ffff-ffff00000013/clear' to command name 'clear'
[debug] [38;5;32m[AndroidUiautomator2Driver@5881 (a1d441ff)][0m Proxying [POST /element/00000000-0000-00d3-ffff-ffff00000013/clear] to [POST http://127.0.0.1:8201/session/bd2e3f95-e955-4e28-ae8d-7f1a771072ba/element/00000000-0000-00d3-ffff-ffff00000013/clear] with body: {"elementId":"00000000-0000-00d3-ffff-ffff00000013"}
[debug] [38;5;32m[AndroidUiautomator2Driver@5881 (a1d441ff)][0m Got response with status 200: {"sessionId":"bd2e3f95-e955-4e28-ae8d-7f1a771072ba","value":null}
[debug] [38;5;32m[AndroidUiautomator2Driver@5881 (a1d441ff)][0m Responding to client with driver.clear() result: null
[38;5;0m[HTTP][0m [37m<-- POST /session/a1d441ff-de27-4e1a-8860-dac43ad3e07a/element/00000000-0000-00d3-ffff-ffff00000013/clear [39m[32m200[39m [90m48 ms - 14[39m
[38;5;0m[HTTP][0m [90m[39m
[38;5;0m[HTTP][0m [37m-->[39m [37mPOST[39m [37m/session/a1d441ff-de27-4e1a-8860-dac43ad3e07a/element/00000000-0000-00d3-ffff-ffff00000013/value[39m
[38;5;0m[HTTP][0m [90m{"text":"Alifyudin"}[39m
[debug] [38;5;32m[AndroidUiautomator2Driver@5881 (a1d441ff)][0m Calling AppiumDriver.setValue() with args: ["Alifyudin","00000000-0000-00d3-ffff-ffff00000013","a1d441ff-de27-4e1a-8860-dac43ad3e07a"]
[debug] [38;5;32m[AndroidUiautomator2Driver@5881 (a1d441ff)][0m Matched '/element/00000000-0000-00d3-ffff-ffff00000013/value' to command name 'setValue'
[debug] [38;5;32m[AndroidUiautomator2Driver@5881 (a1d441ff)][0m Added 'value' property ["A","l","i","f","y","u","d","i","n"] to 'setValue' request body
[debug] [38;5;32m[AndroidUiautomator2Driver@5881 (a1d441ff)][0m Proxying [POST /element/00000000-0000-00d3-ffff-ffff00000013/value] to [POST http://127.0.0.1:8201/session/bd2e3f95-e955-4e28-ae8d-7f1a771072ba/element/00000000-0000-00d3-ffff-ffff00000013/value] with body: {"elementId":"00000000-0000-00d3-ffff-ffff00000013","text":"Alifyudin","replace":false,"value":["A","l","i","f","y","u","d","i","n"]}
[debug] [38;5;32m[AndroidUiautomator2Driver@5881 (a1d441ff)][0m Got response with status 200: {"sessionId":"bd2e3f95-e955-4e28-ae8d-7f1a771072ba","value":null}
[debug] [38;5;32m[AndroidUiautomator2Driver@5881 (a1d441ff)][0m Responding to client with driver.setValue() result: null
[38;5;0m[HTTP][0m [37m<-- POST /session/a1d441ff-de27-4e1a-8860-dac43ad3e07a/element/00000000-0000-00d3-ffff-ffff00000013/value [39m[32m200[39m [90m574 ms - 14[39m
[38;5;0m[HTTP][0m [90m[39m
[38;5;0m[HTTP][0m [37m-->[39m [37mPOST[39m [37m/session/a1d441ff-de27-4e1a-8860-dac43ad3e07a/element[39m
[38;5;0m[HTTP][0m [90m{"using":"id","value":"com.fghilmany.dietmealapp:id/et_weight"}[39m
[debug] [38;5;32m[AndroidUiautomator2Driver@5881 (a1d441ff)][0m Calling AppiumDriver.findElement() with args: ["id","com.fghilmany.dietmealapp:id/et_weight","a1d441ff-de27-4e1a-8860-dac43ad3e07a"]
[debug] [38;5;32m[AndroidUiautomator2Driver@5881 (a1d441ff)][0m Valid locator strategies for this request: xpath, id, class name, accessibility id, css selector, -android uiautomator
[debug] [38;5;32m[AndroidUiautomator2Driver@5881 (a1d441ff)][0m Waiting up to 0 ms for condition
[debug] [38;5;32m[AndroidUiautomator2Driver@5881 (a1d441ff)][0m Matched '/element' to command name 'findElement'
[debug] [38;5;32m[AndroidUiautomator2Driver@5881 (a1d441ff)][0m Proxying [POST /element] to [POST http://127.0.0.1:8201/session/bd2e3f95-e955-4e28-ae8d-7f1a771072ba/element] with body: {"strategy":"id","selector":"com.fghilmany.dietmealapp:id/et_weight","context":"","multiple":false}
[debug] [38;5;32m[AndroidUiautomator2Driver@5881 (a1d441ff)][0m Got response with status 200: {"sessionId":"bd2e3f95-e955-4e28-ae8d-7f1a771072ba","value":{"ELEMENT":"00000000-0000-00d3-ffff-ffff0000001f","element-6066-11e4-a52e-4f735466cecf":"00000000-0000-00d3-ffff-ffff0000001f"}}
[debug] [38;5;32m[AndroidUiautomator2Driver@5881 (a1d441ff)][0m Responding to client with driver.findElement() result: {"element-6066-11e4-a52e-4f735466cecf":"00000000-0000-00d3-ffff-ffff0000001f","ELEMENT":"00000000-0000-00d3-ffff-ffff0000001f"}
[38;5;0m[HTTP][0m [37m<-- POST /session/a1d441ff-de27-4e1a-8860-dac43ad3e07a/element [39m[32m200[39m [90m539 ms - 137[39m
[38;5;0m[HTTP][0m [90m[39m
[38;5;0m[HTTP][0m [37m-->[39m [37mPOST[39m [37m/session/a1d441ff-de27-4e1a-8860-dac43ad3e07a/element/00000000-0000-00d3-ffff-ffff0000001f/clear[39m
[38;5;0m[HTTP][0m [90m{}[39m
[debug] [38;5;32m[AndroidUiautomator2Driver@5881 (a1d441ff)][0m Calling AppiumDriver.clear() with args: ["00000000-0000-00d3-ffff-ffff0000001f","a1d441ff-de27-4e1a-8860-dac43ad3e07a"]
[debug] [38;5;32m[AndroidUiautomator2Driver@5881 (a1d441ff)][0m Matched '/element/00000000-0000-00d3-ffff-ffff0000001f/clear' to command name 'clear'
[debug] [38;5;32m[AndroidUiautomator2Driver@5881 (a1d441ff)][0m Proxying [POST /element/00000000-0000-00d3-ffff-ffff0000001f/clear] to [POST http://127.0.0.1:8201/session/bd2e3f95-e955-4e28-ae8d-7f1a771072ba/element/00000000-0000-00d3-ffff-ffff0000001f/clear] with body: {"elementId":"00000000-0000-00d3-ffff-ffff0000001f"}
[debug] [38;5;32m[AndroidUiautomator2Driver@5881 (a1d441ff)][0m Got response with status 200: {"sessionId":"bd2e3f95-e955-4e28-ae8d-7f1a771072ba","value":null}
[debug] [38;5;32m[AndroidUiautomator2Driver@5881 (a1d441ff)][0m Responding to client with driver.clear() result: null
[38;5;0m[HTTP][0m [37m<-- POST /session/a1d441ff-de27-4e1a-8860-dac43ad3e07a/element/00000000-0000-00d3-ffff-ffff0000001f/clear [39m[32m200[39m [90m45 ms - 14[39m
[38;5;0m[HTTP][0m [90m[39m
[38;5;0m[HTTP][0m [37m-->[39m [37mPOST[39m [37m/session/a1d441ff-de27-4e1a-8860-dac43ad3e07a/element/00000000-0000-00d3-ffff-ffff0000001f/value[39m
[38;5;0m[HTTP][0m [90m{"text":"80"}[39m
[debug] [38;5;32m[AndroidUiautomator2Driver@5881 (a1d441ff)][0m Calling AppiumDriver.setValue() with args: ["80","00000000-0000-00d3-ffff-ffff0000001f","a1d441ff-de27-4e1a-8860-dac43ad3e07a"]
[debug] [38;5;32m[AndroidUiautomator2Driver@5881 (a1d441ff)][0m Matched '/element/00000000-0000-00d3-ffff-ffff0000001f/value' to command name 'setValue'
[debug] [38;5;32m[AndroidUiautomator2Driver@5881 (a1d441ff)][0m Added 'value' property ["8","0"] to 'setValue' request body
[debug] [38;5;32m[AndroidUiautomator2Driver@5881 (a1d441ff)][0m Proxying [POST /element/00000000-0000-00d3-ffff-ffff0000001f/value] to [POST http://127.0.0.1:8201/session/bd2e3f95-e955-4e28-ae8d-7f1a771072ba/element/00000000-0000-00d3-ffff-ffff0000001f/value] with body: {"elementId":"00000000-0000-00d3-ffff-ffff0000001f","text":"80","replace":false,"value":["8","0"]}
[debug] [38;5;32m[AndroidUiautomator2Driver@5881 (a1d441ff)][0m Got response with status 200: {"sessionId":"bd2e3f95-e955-4e28-ae8d-7f1a771072ba","value":null}
[debug] [38;5;32m[AndroidUiautomator2Driver@5881 (a1d441ff)][0m Responding to client with driver.setValue() result: null
[38;5;0m[HTTP][0m [37m<-- POST /session/a1d441ff-de27-4e1a-8860-dac43ad3e07a/element/00000000-0000-00d3-ffff-ffff0000001f/value [39m[32m200[39m [90m1052 ms - 14[39m
[38;5;0m[HTTP][0m [90m[39m
[38;5;0m[HTTP][0m [37m-->[39m [37mPOST[39m [37m/session/a1d441ff-de27-4e1a-8860-dac43ad3e07a/element[39m
[38;5;0m[HTTP][0m [90m{"using":"id","value":"com.fghilmany.dietmealapp:id/et_height"}[39m
[debug] [38;5;32m[AndroidUiautomator2Driver@5881 (a1d441ff)][0m Calling AppiumDriver.findElement() with args: ["id","com.fghilmany.dietmealapp:id/et_height","a1d441ff-de27-4e1a-8860-dac43ad3e07a"]
[debug] [38;5;32m[AndroidUiautomator2Driver@5881 (a1d441ff)][0m Valid locator strategies for this request: xpath, id, class name, accessibility id, css selector, -android uiautomator
[debug] [38;5;32m[AndroidUiautomator2Driver@5881 (a1d441ff)][0m Waiting up to 0 ms for condition
[debug] [38;5;32m[AndroidUiautomator2Driver@5881 (a1d441ff)][0m Matched '/element' to command name 'findElement'
[debug] [38;5;32m[AndroidUiautomator2Driver@5881 (a1d441ff)][0m Proxying [POST /element] to [POST http://127.0.0.1:8201/session/bd2e3f95-e955-4e28-ae8d-7f1a771072ba/element] with body: {"strategy":"id","selector":"com.fghilmany.dietmealapp:id/et_height","context":"","multiple":false}
[debug] [38;5;32m[AndroidUiautomator2Driver@5881 (a1d441ff)][0m Got response with status 200: {"sessionId":"bd2e3f95-e955-4e28-ae8d-7f1a771072ba","value":{"ELEMENT":"00000000-0000-00d3-ffff-ffff0000002b","element-6066-11e4-a52e-4f735466cecf":"00000000-0000-00d3-ffff-ffff0000002b"}}
[debug] [38;5;32m[AndroidUiautomator2Driver@5881 (a1d441ff)][0m Responding to client with driver.findElement() result: {"element-6066-11e4-a52e-4f735466cecf":"00000000-0000-00d3-ffff-ffff0000002b","ELEMENT":"00000000-0000-00d3-ffff-ffff0000002b"}
[38;5;0m[HTTP][0m [37m<-- POST /session/a1d441ff-de27-4e1a-8860-dac43ad3e07a/element [39m[32m200[39m [90m650 ms - 137[39m
[38;5;0m[HTTP][0m [90m[39m
[38;5;0m[HTTP][0m [37m-->[39m [37mPOST[39m [37m/session/a1d441ff-de27-4e1a-8860-dac43ad3e07a/element/00000000-0000-00d3-ffff-ffff0000002b/clear[39m
[38;5;0m[HTTP][0m [90m{}[39m
[debug] [38;5;32m[AndroidUiautomator2Driver@5881 (a1d441ff)][0m Calling AppiumDriver.clear() with args: ["00000000-0000-00d3-ffff-ffff0000002b","a1d441ff-de27-4e1a-8860-dac43ad3e07a"]
[debug] [38;5;32m[AndroidUiautomator2Driver@5881 (a1d441ff)][0m Matched '/element/00000000-0000-00d3-ffff-ffff0000002b/clear' to command name 'clear'
[debug] [38;5;32m[AndroidUiautomator2Driver@5881 (a1d441ff)][0m Proxying [POST /element/00000000-0000-00d3-ffff-ffff0000002b/clear] to [POST http://127.0.0.1:8201/session/bd2e3f95-e955-4e28-ae8d-7f1a771072ba/element/00000000-0000-00d3-ffff-ffff0000002b/clear] with body: {"elementId":"00000000-0000-00d3-ffff-ffff0000002b"}
[debug] [38;5;32m[AndroidUiautomator2Driver@5881 (a1d441ff)][0m Got response with status 200: {"sessionId":"bd2e3f95-e955-4e28-ae8d-7f1a771072ba","value":null}
[debug] [38;5;32m[AndroidUiautomator2Driver@5881 (a1d441ff)][0m Responding to client with driver.clear() result: null
[38;5;0m[HTTP][0m [37m<-- POST /session/a1d441ff-de27-4e1a-8860-dac43ad3e07a/element/00000000-0000-00d3-ffff-ffff0000002b/clear [39m[32m200[39m [90m41 ms - 14[39m
[38;5;0m[HTTP][0m [90m[39m
[38;5;0m[HTTP][0m [37m-->[39m [37mPOST[39m [37m/session/a1d441ff-de27-4e1a-8860-dac43ad3e07a/element/00000000-0000-00d3-ffff-ffff0000002b/value[39m
[38;5;0m[HTTP][0m [90m{"text":"175"}[39m
[debug] [38;5;32m[AndroidUiautomator2Driver@5881 (a1d441ff)][0m Calling AppiumDriver.setValue() with args: ["175","00000000-0000-00d3-ffff-ffff0000002b","a1d441ff-de27-4e1a-8860-dac43ad3e07a"]
[debug] [38;5;32m[AndroidUiautomator2Driver@5881 (a1d441ff)][0m Matched '/element/00000000-0000-00d3-ffff-ffff0000002b/value' to command name 'setValue'
[debug] [38;5;32m[AndroidUiautomator2Driver@5881 (a1d441ff)][0m Added 'value' property ["1","7","5"] to 'setValue' request body
[debug] [38;5;32m[AndroidUiautomator2Driver@5881 (a1d441ff)][0m Proxying [POST /element/00000000-0000-00d3-ffff-ffff0000002b/value] to [POST http://127.0.0.1:8201/session/bd2e3f95-e955-4e28-ae8d-7f1a771072ba/element/00000000-0000-00d3-ffff-ffff0000002b/value] with body: {"elementId":"00000000-0000-00d3-ffff-ffff0000002b","text":"175","replace":false,"value":["1","7","5"]}
[debug] [38;5;32m[AndroidUiautomator2Driver@5881 (a1d441ff)][0m Got response with status 200: {"sessionId":"bd2e3f95-e955-4e28-ae8d-7f1a771072ba","value":null}
[debug] [38;5;32m[AndroidUiautomator2Driver@5881 (a1d441ff)][0m Responding to client with driver.setValue() result: null
[38;5;0m[HTTP][0m [37m<-- POST /session/a1d441ff-de27-4e1a-8860-dac43ad3e07a/element/00000000-0000-00d3-ffff-ffff0000002b/value [39m[32m200[39m [90m1036 ms - 14[39m
[38;5;0m[HTTP][0m [90m[39m
[38;5;0m[HTTP][0m [37m-->[39m [37mPOST[39m [37m/session/a1d441ff-de27-4e1a-8860-dac43ad3e07a/element[39m
[38;5;0m[HTTP][0m [90m{"using":"id","value":"com.fghilmany.dietmealapp:id/rb_male"}[39m
[debug] [38;5;32m[AndroidUiautomator2Driver@5881 (a1d441ff)][0m Calling AppiumDriver.findElement() with args: ["id","com.fghilmany.dietmealapp:id/rb_male","a1d441ff-de27-4e1a-8860-dac43ad3e07a"]
[debug] [38;5;32m[AndroidUiautomator2Driver@5881 (a1d441ff)][0m Valid locator strategies for this request: xpath, id, class name, accessibility id, css selector, -android uiautomator
[debug] [38;5;32m[AndroidUiautomator2Driver@5881 (a1d441ff)][0m Waiting up to 0 ms for condition
[debug] [38;5;32m[AndroidUiautomator2Driver@5881 (a1d441ff)][0m Matched '/element' to command name 'findElement'
[debug] [38;5;32m[AndroidUiautomator2Driver@5881 (a1d441ff)][0m Proxying [POST /element] to [POST http://127.0.0.1:8201/session/bd2e3f95-e955-4e28-ae8d-7f1a771072ba/element] with body: {"strategy":"id","selector":"com.fghilmany.dietmealapp:id/rb_male","context":"","multiple":false}
[debug] [38;5;32m[AndroidUiautomator2Driver@5881 (a1d441ff)][0m Got response with status 200: {"sessionId":"bd2e3f95-e955-4e28-ae8d-7f1a771072ba","value":{"ELEMENT":"00000000-0000-00d3-ffff-ffff00000036","element-6066-11e4-a52e-4f735466cecf":"00000000-0000-00d3-ffff-ffff00000036"}}
[debug] [38;5;32m[AndroidUiautomator2Driver@5881 (a1d441ff)][0m Responding to client with driver.findElement() result: {"element-6066-11e4-a52e-4f735466cecf":"00000000-0000-00d3-ffff-ffff00000036","ELEMENT":"00000000-0000-00d3-ffff-ffff00000036"}
[38;5;0m[HTTP][0m [37m<-- POST /session/a1d441ff-de27-4e1a-8860-dac43ad3e07a/element [39m[32m200[39m [90m662 ms - 137[39m
[38;5;0m[HTTP][0m [90m[39m
[38;5;0m[HTTP][0m [37m-->[39m [37mPOST[39m [37m/session/a1d441ff-de27-4e1a-8860-dac43ad3e07a/element/00000000-0000-00d3-ffff-ffff00000036/click[39m
[38;5;0m[HTTP][0m [90m{}[39m
[debug] [38;5;32m[AndroidUiautomator2Driver@5881 (a1d441ff)][0m Calling AppiumDriver.click() with args: ["00000000-0000-00d3-ffff-ffff00000036","a1d441ff-de27-4e1a-8860-dac43ad3e07a"]
[debug] [38;5;32m[AndroidUiautomator2Driver@5881 (a1d441ff)][0m Matched '/element/00000000-0000-00d3-ffff-ffff00000036/click' to command name 'click'
[debug] [38;5;32m[AndroidUiautomator2Driver@5881 (a1d441ff)][0m Proxying [POST /element/00000000-0000-00d3-ffff-ffff00000036/click] to [POST http://127.0.0.1:8201/session/bd2e3f95-e955-4e28-ae8d-7f1a771072ba/element/00000000-0000-00d3-ffff-ffff00000036/click] with body: {"element":"00000000-0000-00d3-ffff-ffff00000036"}
[debug] [38;5;32m[AndroidUiautomator2Driver@5881 (a1d441ff)][0m Got response with status 200: {"sessionId":"bd2e3f95-e955-4e28-ae8d-7f1a771072ba","value":null}
[debug] [38;5;32m[AndroidUiautomator2Driver@5881 (a1d441ff)][0m Responding to client with driver.click() result: null
[38;5;0m[HTTP][0m [37m<-- POST /session/a1d441ff-de27-4e1a-8860-dac43ad3e07a/element/00000000-0000-00d3-ffff-ffff00000036/click [39m[32m200[39m [90m82 ms - 14[39m
[38;5;0m[HTTP][0m [90m[39m
[38;5;0m[HTTP][0m [37m-->[39m [37mPOST[39m [37m/session/a1d441ff-de27-4e1a-8860-dac43ad3e07a/element[39m
[38;5;0m[HTTP][0m [90m{"using":"id","value":"com.fghilmany.dietmealapp:id/bt_next"}[39m
[debug] [38;5;32m[AndroidUiautomator2Driver@5881 (a1d441ff)][0m Calling AppiumDriver.findElement() with args: ["id","com.fghilmany.dietmealapp:id/bt_next","a1d441ff-de27-4e1a-8860-dac43ad3e07a"]
[debug] [38;5;32m[AndroidUiautomator2Driver@5881 (a1d441ff)][0m Valid locator strategies for this request: xpath, id, class name, accessibility id, css selector, -android uiautomator
[debug] [38;5;32m[AndroidUiautomator2Driver@5881 (a1d441ff)][0m Waiting up to 0 ms for condition
[debug] [38;5;32m[AndroidUiautomator2Driver@5881 (a1d441ff)][0m Matched '/element' to command name 'findElement'
[debug] [38;5;32m[AndroidUiautomator2Driver@5881 (a1d441ff)][0m Proxying [POST /element] to [POST http://127.0.0.1:8201/session/bd2e3f95-e955-4e28-ae8d-7f1a771072ba/element] with body: {"strategy":"id","selector":"com.fghilmany.dietmealapp:id/bt_next","context":"","multiple":false}
[debug] [38;5;32m[AndroidUiautomator2Driver@5881 (a1d441ff)][0m Got response with status 200: {"sessionId":"bd2e3f95-e955-4e28-ae8d-7f1a771072ba","value":{"ELEMENT":"00000000-0000-00d3-ffff-ffff00000038","element-6066-11e4-a52e-4f735466cecf":"00000000-0000-00d3-ffff-ffff00000038"}}
[debug] [38;5;32m[AndroidUiautomator2Driver@5881 (a1d441ff)][0m Responding to client with driver.findElement() result: {"element-6066-11e4-a52e-4f735466cecf":"00000000-0000-00d3-ffff-ffff00000038","ELEMENT":"00000000-0000-00d3-ffff-ffff00000038"}
[38;5;0m[HTTP][0m [37m<-- POST /session/a1d441ff-de27-4e1a-8860-dac43ad3e07a/element [39m[32m200[39m [90m684 ms - 137[39m
[38;5;0m[HTTP][0m [90m[39m
[38;5;0m[HTTP][0m [37m-->[39m [37mPOST[39m [37m/session/a1d441ff-de27-4e1a-8860-dac43ad3e07a/element/00000000-0000-00d3-ffff-ffff00000038/click[39m
[38;5;0m[HTTP][0m [90m{}[39m
[debug] [38;5;32m[AndroidUiautomator2Driver@5881 (a1d441ff)][0m Calling AppiumDriver.click() with args: ["00000000-0000-00d3-ffff-ffff00000038","a1d441ff-de27-4e1a-8860-dac43ad3e07a"]
[debug] [38;5;32m[AndroidUiautomator2Driver@5881 (a1d441ff)][0m Matched '/element/00000000-0000-00d3-ffff-ffff00000038/click' to command name 'click'
[debug] [38;5;32m[AndroidUiautomator2Driver@5881 (a1d441ff)][0m Proxying [POST /element/00000000-0000-00d3-ffff-ffff00000038/click] to [POST http://127.0.0.1:8201/session/bd2e3f95-e955-4e28-ae8d-7f1a771072ba/element/00000000-0000-00d3-ffff-ffff00000038/click] with body: {"element":"00000000-0000-00d3-ffff-ffff00000038"}
[debug] [38;5;32m[AndroidUiautomator2Driver@5881 (a1d441ff)][0m Got response with status 200: {"sessionId":"bd2e3f95-e955-4e28-ae8d-7f1a771072ba","value":null}
[debug] [38;5;32m[AndroidUiautomator2Driver@5881 (a1d441ff)][0m Responding to client with driver.click() result: null
[38;5;0m[HTTP][0m [37m<-- POST /session/a1d441ff-de27-4e1a-8860-dac43ad3e07a/element/00000000-0000-00d3-ffff-ffff00000038/click [39m[32m200[39m [90m68 ms - 14[39m
[38;5;0m[HTTP][0m [90m[39m
[38;5;0m[HTTP][0m [37m-->[39m [37mPOST[39m [37m/session/a1d441ff-de27-4e1a-8860-dac43ad3e07a/element[39m
[38;5;0m[HTTP][0m [90m{"using":"id","value":"com.fghilmany.dietmealapp:id/rb_low_to_medium"}[39m
[debug] [38;5;32m[AndroidUiautomator2Driver@5881 (a1d441ff)][0m Calling AppiumDriver.findElement() with args: ["id","com.fghilmany.dietmealapp:id/rb_low_to_medium","a1d441ff-de27-4e1a-8860-dac43ad3e07a"]
[debug] [38;5;32m[AndroidUiautomator2Driver@5881 (a1d441ff)][0m Valid locator strategies for this request: xpath, id, class name, accessibility id, css selector, -android uiautomator
[debug] [38;5;32m[AndroidUiautomator2Driver@5881 (a1d441ff)][0m Waiting up to 0 ms for condition
[debug] [38;5;32m[AndroidUiautomator2Driver@5881 (a1d441ff)][0m Matched '/element' to command name 'findElement'
[debug] [38;5;32m[AndroidUiautomator2Driver@5881 (a1d441ff)][0m Proxying [POST /element] to [POST http://127.0.0.1:8201/session/bd2e3f95-e955-4e28-ae8d-7f1a771072ba/element] with body: {"strategy":"id","selector":"com.fghilmany.dietmealapp:id/rb_low_to_medium","context":"","multiple":false}
[debug] [38;5;32m[AndroidUiautomator2Driver@5881 (a1d441ff)][0m Got response with status 200: {"sessionId":"bd2e3f95-e955-4e28-ae8d-7f1a771072ba","value":{"ELEMENT":"00000000-0000-00d3-ffff-ffff00000040","element-6066-11e4-a52e-4f735466cecf":"00000000-0000-00d3-ffff-ffff00000040"}}
[debug] [38;5;32m[AndroidUiautomator2Driver@5881 (a1d441ff)][0m Responding to client with driver.findElement() result: {"element-6066-11e4-a52e-4f735466cecf":"00000000-0000-00d3-ffff-ffff00000040","ELEMENT":"00000000-0000-00d3-ffff-ffff00000040"}
[38;5;0m[HTTP][0m [37m<-- POST /session/a1d441ff-de27-4e1a-8860-dac43ad3e07a/element [39m[32m200[39m [90m86 ms - 137[39m
[38;5;0m[HTTP][0m [90m[39m
[38;5;0m[HTTP][0m [37m-->[39m [37mPOST[39m [37m/session/a1d441ff-de27-4e1a-8860-dac43ad3e07a/element/00000000-0000-00d3-ffff-ffff00000040/click[39m
[38;5;0m[HTTP][0m [90m{}[39m
[debug] [38;5;32m[AndroidUiautomator2Driver@5881 (a1d441ff)][0m Calling AppiumDriver.click() with args: ["00000000-0000-00d3-ffff-ffff00000040","a1d441ff-de27-4e1a-8860-dac43ad3e07a"]
[debug] [38;5;32m[AndroidUiautomator2Driver@5881 (a1d441ff)][0m Matched '/element/00000000-0000-00d3-ffff-ffff00000040/click' to command name 'click'
[debug] [38;5;32m[AndroidUiautomator2Driver@5881 (a1d441ff)][0m Proxying [POST /element/00000000-0000-00d3-ffff-ffff00000040/click] to [POST http://127.0.0.1:8201/session/bd2e3f95-e955-4e28-ae8d-7f1a771072ba/element/00000000-0000-00d3-ffff-ffff00000040/click] with body: {"element":"00000000-0000-00d3-ffff-ffff00000040"}
[debug] [38;5;32m[AndroidUiautomator2Driver@5881 (a1d441ff)][0m Got response with status 200: {"sessionId":"bd2e3f95-e955-4e28-ae8d-7f1a771072ba","value":null}
[debug] [38;5;32m[AndroidUiautomator2Driver@5881 (a1d441ff)][0m Responding to client with driver.click() result: null
[38;5;0m[HTTP][0m [37m<-- POST /session/a1d441ff-de27-4e1a-8860-dac43ad3e07a/element/00000000-0000-00d3-ffff-ffff00000040/click [39m[32m200[39m [90m1225 ms - 14[39m
[38;5;0m[HTTP][0m [90m[39m
[38;5;0m[HTTP][0m [37m-->[39m [37mPOST[39m [37m/session/a1d441ff-de27-4e1a-8860-dac43ad3e07a/element[39m
[38;5;0m[HTTP][0m [90m{"using":"id","value":"com.fghilmany.dietmealapp:id/bt_finish"}[39m
[debug] [38;5;32m[AndroidUiautomator2Driver@5881 (a1d441ff)][0m Calling AppiumDriver.findElement() with args: ["id","com.fghilmany.dietmealapp:id/bt_finish","a1d441ff-de27-4e1a-8860-dac43ad3e07a"]
[debug] [38;5;32m[AndroidUiautomator2Driver@5881 (a1d441ff)][0m Valid locator strategies for this request: xpath, id, class name, accessibility id, css selector, -android uiautomator
[debug] [38;5;32m[AndroidUiautomator2Driver@5881 (a1d441ff)][0m Waiting up to 0 ms for condition
[debug] [38;5;32m[AndroidUiautomator2Driver@5881 (a1d441ff)][0m Matched '/element' to command name 'findElement'
[debug] [38;5;32m[AndroidUiautomator2Driver@5881 (a1d441ff)][0m Proxying [POST /element] to [POST http://127.0.0.1:8201/session/bd2e3f95-e955-4e28-ae8d-7f1a771072ba/element] with body: {"strategy":"id","selector":"com.fghilmany.dietmealapp:id/bt_finish","context":"","multiple":false}
[debug] [38;5;32m[AndroidUiautomator2Driver@5881 (a1d441ff)][0m Got response with status 200: {"sessionId":"bd2e3f95-e955-4e28-ae8d-7f1a771072ba","value":{"ELEMENT":"00000000-0000-00d3-ffff-ffff00000044","element-6066-11e4-a52e-4f735466cecf":"00000000-0000-00d3-ffff-ffff00000044"}}
[debug] [38;5;32m[AndroidUiautomator2Driver@5881 (a1d441ff)][0m Responding to client with driver.findElement() result: {"element-6066-11e4-a52e-4f735466cecf":"00000000-0000-00d3-ffff-ffff00000044","ELEMENT":"00000000-0000-00d3-ffff-ffff00000044"}
[38;5;0m[HTTP][0m [37m<-- POST /session/a1d441ff-de27-4e1a-8860-dac43ad3e07a/element [39m[32m200[39m [90m88 ms - 137[39m
[38;5;0m[HTTP][0m [90m[39m
[38;5;0m[HTTP][0m [37m-->[39m [37mPOST[39m [37m/session/a1d441ff-de27-4e1a-8860-dac43ad3e07a/element/00000000-0000-00d3-ffff-ffff00000044/click[39m
[38;5;0m[HTTP][0m [90m{}[39m
[debug] [38;5;32m[AndroidUiautomator2Driver@5881 (a1d441ff)][0m Calling AppiumDriver.click() with args: ["00000000-0000-00d3-ffff-ffff00000044","a1d441ff-de27-4e1a-8860-dac43ad3e07a"]
[debug] [38;5;32m[AndroidUiautomator2Driver@5881 (a1d441ff)][0m Matched '/element/00000000-0000-00d3-ffff-ffff00000044/click' to command name 'click'
[debug] [38;5;32m[AndroidUiautomator2Driver@5881 (a1d441ff)][0m Proxying [POST /element/00000000-0000-00d3-ffff-ffff00000044/click] to [POST http://127.0.0.1:8201/session/bd2e3f95-e955-4e28-ae8d-7f1a771072ba/element/00000000-0000-00d3-ffff-ffff00000044/click] with body: {"element":"00000000-0000-00d3-ffff-ffff00000044"}
[debug] [38;5;32m[AndroidUiautomator2Driver@5881 (a1d441ff)][0m Got response with status 200: {"sessionId":"bd2e3f95-e955-4e28-ae8d-7f1a771072ba","value":null}
[debug] [38;5;32m[AndroidUiautomator2Driver@5881 (a1d441ff)][0m Responding to client with driver.click() result: null
[38;5;0m[HTTP][0m [37m<-- POST /session/a1d441ff-de27-4e1a-8860-dac43ad3e07a/element/00000000-0000-00d3-ffff-ffff00000044/click [39m[32m200[39m [90m76 ms - 14[39m
[38;5;0m[HTTP][0m [90m[39m
[38;5;0m[HTTP][0m [37m-->[39m [37mDELETE[39m [37m/session/a1d441ff-de27-4e1a-8860-dac43ad3e07a[39m
[38;5;0m[HTTP][0m [90m{}[39m
[debug] [38;5;32m[AndroidUiautomator2Driver@5881 (a1d441ff)][0m Calling AppiumDriver.deleteSession() with args: ["a1d441ff-de27-4e1a-8860-dac43ad3e07a"]
[debug] [38;5;16m[AppiumDriver@09ed][0m Event 'quitSessionRequested' logged at 1688921573754 (23:52:53 GMT+0700 (Western Indonesia Time))
[38;5;16m[AppiumDriver@09ed][0m Removing session a1d441ff-de27-4e1a-8860-dac43ad3e07a from our master session list
[debug] [38;5;32m[AndroidUiautomator2Driver@5881 (a1d441ff)][0m Deleting UiAutomator2 session
[debug] [38;5;32m[AndroidUiautomator2Driver@5881 (a1d441ff)][0m Deleting UiAutomator2 server session
[debug] [38;5;32m[AndroidUiautomator2Driver@5881 (a1d441ff)][0m Matched '/' to command name 'deleteSession'
[debug] [38;5;32m[AndroidUiautomator2Driver@5881 (a1d441ff)][0m Proxying [DELETE /] to [DELETE http://127.0.0.1:8201/session/bd2e3f95-e955-4e28-ae8d-7f1a771072ba] with no body
[debug] [38;5;32m[AndroidUiautomator2Driver@5881 (a1d441ff)][0m Got response with status 200: {"sessionId":"bd2e3f95-e955-4e28-ae8d-7f1a771072ba","value":null}
[debug] [38;5;64m[ADB][0m Running '/Users/aliffaddly/Library/Android/sdk/platform-tools/adb -P 5037 -s RRCT5005N6E shell dumpsys activity services io.appium.settings/.recorder.RecorderService'
[debug] [38;5;96m[Logcat][0m Stopping logcat capture
[debug] [38;5;64m[ADB][0m Removing forwarded port socket connection: 8201 
[debug] [38;5;64m[ADB][0m Running '/Users/aliffaddly/Library/Android/sdk/platform-tools/adb -P 5037 -s RRCT5005N6E forward --remove tcp:8201'
[38;5;32m[AndroidUiautomator2Driver@5881 (a1d441ff)][0m Restoring hidden api policy to the device default configuration
[debug] [38;5;64m[ADB][0m Running '/Users/aliffaddly/Library/Android/sdk/platform-tools/adb -P 5037 -s RRCT5005N6E shell 'settings delete global hidden_api_policy_pre_p_apps;settings delete global hidden_api_policy_p_apps;settings delete global hidden_api_policy''
[debug] [38;5;16m[AppiumDriver@09ed][0m Event 'quitSessionFinished' logged at 1688921574070 (23:52:54 GMT+0700 (Western Indonesia Time))
[debug] [38;5;16m[AppiumDriver@09ed][0m Received response: null
[debug] [38;5;16m[AppiumDriver@09ed][0m But deleting session, so not returning
[debug] [38;5;16m[AppiumDriver@09ed][0m Responding to client with driver.deleteSession() result: null
[38;5;0m[HTTP][0m [37m<-- DELETE /session/a1d441ff-de27-4e1a-8860-dac43ad3e07a [39m[32m200[39m [90m318 ms - 14[39m
[38;5;0m[HTTP][0m [90m[39m
[35m[Appium][39m Received SIGTERM - shutting down
[debug] [38;5;16m[AppiumDriver@09ed][0m There are no active sessions for cleanup
[38;5;0m[HTTP][0m Waiting until the server is closed
[38;5;0m[HTTP][0m Received server close event
